Using pre-set license
Built from '2021.3/china_unity/release' branch; Version is '2021.3.45f2c1 (8058fe21db2f) revision 8411390'; Using compiler version '192829333'; Build Type 'Release'
OS: 'Windows 11  (10.0.26200) 64bit CoreCountrySpecific' Language: 'zh' Physical Memory: 16004 MB
BatchMode: 1, IsHumanControllingUs: 0, StartBugReporterOnCrash: 0, Is64bit: 1, IsPro: 1

COMMAND LINE ARGUMENTS:
C:\Program Files\Unity\Hub\Editor\2021.3.45f2c1\Editor\Unity.exe
-adb2
-batchMode
-noUpm
-name
AssetImportWorker1
-projectPath
E:/shuz/ĺŹ¤éŁŽ/ä˝śä¸š
-logFile
Logs/AssetImportWorker1.log
-srvPort
61314
Successfully changed project path to: E:/shuz/ĺŹ¤éŁŽ/ä˝śä¸š
E:/shuz/ĺŹ¤éŁŽ/ä˝śä¸š
[UnityMemory] Configuration Parameters - Can be set up in boot.config
    "memorysetup-bucket-allocator-granularity=16"
    "memorysetup-bucket-allocator-bucket-count=8"
    "memorysetup-bucket-allocator-block-size=33554432"
    "memorysetup-bucket-allocator-block-count=8"
    "memorysetup-main-allocator-block-size=16777216"
    "memorysetup-thread-allocator-block-size=16777216"
    "memorysetup-gfx-main-allocator-block-size=16777216"
    "memorysetup-gfx-thread-allocator-block-size=16777216"
    "memorysetup-cache-allocator-block-size=4194304"
    "memorysetup-typetree-allocator-block-size=2097152"
    "memorysetup-profiler-bucket-allocator-granularity=16"
    "memorysetup-profiler-bucket-allocator-bucket-count=8"
    "memorysetup-profiler-bucket-allocator-block-size=33554432"
    "memorysetup-profiler-bucket-allocator-block-count=8"
    "memorysetup-profiler-allocator-block-size=16777216"
    "memorysetup-profiler-editor-allocator-block-size=1048576"
    "memorysetup-temp-allocator-size-main=16777216"
    "memorysetup-job-temp-allocator-block-size=2097152"
    "memorysetup-job-temp-allocator-block-size-background=1048576"
    "memorysetup-job-temp-allocator-reduction-small-platforms=262144"
    "memorysetup-temp-allocator-size-background-worker=32768"
    "memorysetup-temp-allocator-size-job-worker=262144"
    "memorysetup-temp-allocator-size-preload-manager=33554432"
    "memorysetup-temp-allocator-size-nav-mesh-worker=65536"
    "memorysetup-temp-allocator-size-audio-worker=65536"
    "memorysetup-temp-allocator-size-cloud-worker=32768"
    "memorysetup-temp-allocator-size-gi-baking-worker=262144"
    "memorysetup-temp-allocator-size-gfx=262144"
Player connection [20892] Host "[IP] 10.16.53.8 [Port] 0 [Flags] 2 [Guid] 1759876284 [EditorId] 1759876284 [Version] 1048832 [Id] WindowsEditor(7,Ň»˛¨ŕŁŕŁ) [Debug] 1 [PackageName] WindowsEditor [ProjectName] Editor" joined multi-casting on [225.0.0.222:54997]...

Player connection [20892] Host "[IP] 10.16.53.8 [Port] 0 [Flags] 2 [Guid] 1759876284 [EditorId] 1759876284 [Version] 1048832 [Id] WindowsEditor(7,Ň»˛¨ŕŁŕŁ) [Debug] 1 [PackageName] WindowsEditor [ProjectName] Editor" joined alternative multi-casting on [225.0.0.222:34997]...

AS: AutoStreaming module initializing.
[Physics::Module] Initialized MultithreadedJobDispatcher with {0} workers.
Refreshing native plugins compatible for Editor in 40.33 ms, found 3 plugins.
Preloading 0 native plugins for Editor in 0.00 ms.
Initialize engine version: 2021.3.45f2c1 (8058fe21db2f)
[Subsystems] Discovering subsystems at path C:/Program Files/Unity/Hub/Editor/2021.3.45f2c1/Editor/Data/Resources/UnitySubsystems
[Subsystems] Discovering subsystems at path E:/shuz/ĺŹ¤éŁŽ/ä˝śä¸š/Assets
GfxDevice: creating device client; threaded=0; jobified=0
Direct3D:
    Version:  Direct3D 11.0 [level 11.1]
    Renderer: NVIDIA GeForce RTX 3050 Laptop GPU (ID=0x25a2)
    Vendor:   NVIDIA
    VRAM:     3964 MB
    Driver:   32.0.15.6607
Initialize mono
Mono path[0] = 'C:/Program Files/Unity/Hub/Editor/2021.3.45f2c1/Editor/Data/Managed'
Mono path[1] = 'C:/Program Files/Unity/Hub/Editor/2021.3.45f2c1/Editor/Data/MonoBleedingEdge/lib/mono/unityjit-win32'
Mono config path = 'C:/Program Files/Unity/Hub/Editor/2021.3.45f2c1/Editor/Data/MonoBleedingEdge/etc'
Using monoOptions --debugger-agent=transport=dt_socket,embedding=1,server=y,suspend=n,address=127.0.0.1:56740
Begin MonoManager ReloadAssembly
Registering precompiled unity dll's ...
Register platform support module: C:/Program Files/Unity/Hub/Editor/2021.3.45f2c1/Editor/Data/PlaybackEngines/WindowsStandaloneSupport/UnityEditor.WindowsStandalone.Extensions.dll
Registered in 0.004131 seconds.
Native extension for WindowsStandalone target not found
Refreshing native plugins compatible for Editor in 39.53 ms, found 3 plugins.
Preloading 0 native plugins for Editor in 0.00 ms.
Mono: successfully reloaded assembly
- Completed reload, in  0.491 seconds
Domain Reload Profiling:
	ReloadAssembly (491ms)
		BeginReloadAssembly (77ms)
			ExecutionOrderSort (0ms)
			DisableScriptedObjects (0ms)
			BackupInstance (0ms)
			ReleaseScriptingObjects (0ms)
			CreateAndSetChildDomain (1ms)
		EndReloadAssembly (339ms)
			LoadAssemblies (76ms)
			RebuildTransferFunctionScriptingTraits (0ms)
			SetupTypeCache (84ms)
			ReleaseScriptCaches (0ms)
			RebuildScriptCaches (23ms)
			SetupLoadedEditorAssemblies (199ms)
				LogAssemblyErrors (0ms)
				InitializePlatformSupportModulesInManaged (7ms)
				SetLoadedEditorAssemblies (0ms)
				RefreshPlugins (40ms)
				BeforeProcessingInitializeOnLoad (1ms)
				ProcessInitializeOnLoadAttributes (109ms)
				ProcessInitializeOnLoadMethodAttributes (43ms)
				AfterProcessingInitializeOnLoad (0ms)
				EditorAssembliesLoaded (0ms)
			ExecutionOrderSort2 (0ms)
			AwakeInstancesAfterBackupRestoration (0ms)
Platform modules already initialized, skipping
Registering precompiled user dll's ...
Registered in 0.005980 seconds.
Begin MonoManager ReloadAssembly
Native extension for WindowsStandalone target not found
Refreshing native plugins compatible for Editor in 0.40 ms, found 3 plugins.
Preloading 0 native plugins for Editor in 0.00 ms.
Package Manager log level set to [2]
[Package Manager] Server::EnsureServerProcessIsRunning -- launch failed, reason: Unity was launched with the -noUpm command-line argument
[Package Manager] Cannot connect to Unity Package Manager local server
Mono: successfully reloaded assembly
- Completed reload, in  1.289 seconds
Domain Reload Profiling:
	ReloadAssembly (1289ms)
		BeginReloadAssembly (102ms)
			ExecutionOrderSort (0ms)
			DisableScriptedObjects (5ms)
			BackupInstance (0ms)
			ReleaseScriptingObjects (0ms)
			CreateAndSetChildDomain (14ms)
		EndReloadAssembly (1080ms)
			LoadAssemblies (131ms)
			RebuildTransferFunctionScriptingTraits (0ms)
			SetupTypeCache (198ms)
			ReleaseScriptCaches (0ms)
			RebuildScriptCaches (37ms)
			SetupLoadedEditorAssemblies (663ms)
				LogAssemblyErrors (0ms)
				InitializePlatformSupportModulesInManaged (4ms)
				SetLoadedEditorAssemblies (0ms)
				RefreshPlugins (0ms)
				BeforeProcessingInitializeOnLoad (42ms)
				ProcessInitializeOnLoadAttributes (593ms)
				ProcessInitializeOnLoadMethodAttributes (17ms)
				AfterProcessingInitializeOnLoad (6ms)
				EditorAssembliesLoaded (0ms)
			ExecutionOrderSort2 (0ms)
			AwakeInstancesAfterBackupRestoration (6ms)
Platform modules already initialized, skipping
========================================================================
Worker process is ready to serve import requests
Launched and connected shader compiler UnityShaderCompiler.exe after 0.05 seconds
Refreshing native plugins compatible for Editor in 0.41 ms, found 3 plugins.
Preloading 0 native plugins for Editor in 0.00 ms.
Unloading 3180 Unused Serialized files (Serialized files now loaded: 0)
Unloading 24 unused Assets / (48.1 KB). Loaded Objects now: 3677.
Memory consumption went from 151.2 MB to 151.2 MB.
Total: 2.657600 ms (FindLiveObjects: 0.168400 ms CreateObjectMapping: 0.072000 ms MarkObjects: 2.332900 ms  DeleteObjects: 0.083400 ms)

AssetImportParameters requested are different than current active one (requested -> active):
  custom:video-decoder-ogg-theora: a1e56fd34408186e4bbccfd4996cb3dc -> 
  custom:container-muxer-webm: aa71ff27fc2769a1b78a27578f13a17b -> 
  custom:container-demuxer-webm: 4f35f7cbe854078d1ac9338744f61a02 -> 
  custom:video-encoder-webm-vp8: eb34c28f22e8b96e1ab97ce403110664 -> 
  custom:video-codec-MediaFoundation-h265: 746d11721c4dcdbdad8f713fa42b33f4 -> 
  custom:CustomObjectIndexerAttribute: bc11b3a6c3213fcdd17b65e7da85e133 -> 
  custom:audio-encoder-webm-vorbis: bf7c407c2cedff20999df2af8eb42d56 -> 
  custom:framework-win-MediaFoundation: 216162199b28c13a410421893ffa2e32 -> 
  custom:SearchIndexIgnoredProperties: e643bd26f0fe6173181afceb89e7c659 -> 
  custom:container-demuxer-ogg: 62fdf1f143b41e24485cea50d1cbac27 -> 
  custom:video-decoder-webm-vp8: 9c59270c3fd7afecdb556c50c9e8de78 -> 
  custom:audio-decoder-ogg-vorbis: bf7c407c2cedff20999df2af8eb42d56 -> 
========================================================================
Received Import Request.
  Time since last request: 371627.880348 seconds.
  path: Assets/Asian Far East Environment/Nature/_Textures/Branch3_gloss.tif
  artifactKey: Guid(0c951b44871a0854fb641e2210a344aa) Importer(815301076,1909f56bfc062723c751e8b465ee728b)
Number of updated assets reloaded before import = 0
Start importing Assets/Asian Far East Environment/Nature/_Textures/Branch3_gloss.tif using Guid(0c951b44871a0854fb641e2210a344aa) Importer(815301076,1909f56bfc062723c751e8b465ee728b)  -> (artifact id: 'fe2e6db92dae3a2efc7298bc039cb774') in 0.150593 seconds 
Number of asset objects unloaded after import = 2
========================================================================
Received Import Request.
  Time since last request: 0.026429 seconds.
  path: Assets/Asian Far East Environment/Nature/_Textures/Branch3_trans.tif
  artifactKey: Guid(02fc4ce11e066254b85d900497bfdaff) Importer(815301076,1909f56bfc062723c751e8b465ee728b)
Number of updated assets reloaded before import = 0
Start importing Assets/Asian Far East Environment/Nature/_Textures/Branch3_trans.tif using Guid(02fc4ce11e066254b85d900497bfdaff) Importer(815301076,1909f56bfc062723c751e8b465ee728b)  -> (artifact id: '7adbd96a62717de3634f15fe9c7ba109') in 0.095117 seconds 
Number of asset objects unloaded after import = 2
========================================================================
Received Import Request.
  Time since last request: 0.000018 seconds.
  path: Assets/Asian Far East Environment/Nature/_Textures/Branch3_nmp.tif
  artifactKey: Guid(2b443dd31f140514d85c145b5149c937) Importer(815301076,1909f56bfc062723c751e8b465ee728b)
Number of updated assets reloaded before import = 0
Start importing Assets/Asian Far East Environment/Nature/_Textures/Branch3_nmp.tif using Guid(2b443dd31f140514d85c145b5149c937) Importer(815301076,1909f56bfc062723c751e8b465ee728b)  -> (artifact id: 'd6814af9409aa2a4cecac15ee8d7d53e') in 0.095058 seconds 
Number of asset objects unloaded after import = 2
========================================================================
Received Import Request.
  Time since last request: 0.000019 seconds.
  path: Assets/Asian Far East Environment/Nature/_Textures/Branch4_nmp.tif
  artifactKey: Guid(448e4d08c991b064e90d4165c23df79b) Importer(815301076,1909f56bfc062723c751e8b465ee728b)
Number of updated assets reloaded before import = 0
Start importing Assets/Asian Far East Environment/Nature/_Textures/Branch4_nmp.tif using Guid(448e4d08c991b064e90d4165c23df79b) Importer(815301076,1909f56bfc062723c751e8b465ee728b)  -> (artifact id: '6d97dc93e36e4f441f9074be16bd06d3') in 0.113816 seconds 
Number of asset objects unloaded after import = 2
========================================================================
Received Import Request.
  Time since last request: 0.000022 seconds.
  path: Assets/Asian Far East Environment/Nature/_Textures/Branch4_trans.tif
  artifactKey: Guid(46c466909f36f754cb61ac6a9648d139) Importer(815301076,1909f56bfc062723c751e8b465ee728b)
Number of updated assets reloaded before import = 0
Start importing Assets/Asian Far East Environment/Nature/_Textures/Branch4_trans.tif using Guid(46c466909f36f754cb61ac6a9648d139) Importer(815301076,1909f56bfc062723c751e8b465ee728b)  -> (artifact id: 'be424f635804c3b4c013e315d0006943') in 0.095079 seconds 
Number of asset objects unloaded after import = 2
========================================================================
Received Import Request.
  Time since last request: 1.128493 seconds.
  path: Assets/Asian Far East Environment/Nature/Tree3_Textures/diffuse.png
  artifactKey: Guid(36b3638135dd82f4bb6f67eca603301a) Importer(815301076,1909f56bfc062723c751e8b465ee728b)
Number of updated assets reloaded before import = 0
Start importing Assets/Asian Far East Environment/Nature/Tree3_Textures/diffuse.png using Guid(36b3638135dd82f4bb6f67eca603301a) Importer(815301076,1909f56bfc062723c751e8b465ee728b)  -> (artifact id: 'a70a4cf578530a24ef6abdd49fa964c2') in 0.121096 seconds 
Number of asset objects unloaded after import = 2
========================================================================
Received Import Request.
  Time since last request: 0.000019 seconds.
  path: Assets/Asian Far East Environment/Nature/Tree5_Textures/diffuse.png
  artifactKey: Guid(ec3462a003fa5a94d81c036cee005100) Importer(815301076,1909f56bfc062723c751e8b465ee728b)
Number of updated assets reloaded before import = 0
Start importing Assets/Asian Far East Environment/Nature/Tree5_Textures/diffuse.png using Guid(ec3462a003fa5a94d81c036cee005100) Importer(815301076,1909f56bfc062723c751e8b465ee728b)  -> (artifact id: 'ae52231480f74f6c75148ecb6152ce94') in 0.113885 seconds 
Number of asset objects unloaded after import = 2
========================================================================
Received Import Request.
  Time since last request: 0.000025 seconds.
  path: Assets/Asian Far East Environment/Nature/Tree7_Textures/diffuse.png
  artifactKey: Guid(d6f7333744453c24aa87e7bad4264ae5) Importer(815301076,1909f56bfc062723c751e8b465ee728b)
Number of updated assets reloaded before import = 0
Start importing Assets/Asian Far East Environment/Nature/Tree7_Textures/diffuse.png using Guid(d6f7333744453c24aa87e7bad4264ae5) Importer(815301076,1909f56bfc062723c751e8b465ee728b)  -> (artifact id: '92380983a3450e8d412189796620f3a0') in 0.121089 seconds 
Number of asset objects unloaded after import = 2
========================================================================
Received Import Request.
  Time since last request: 0.000020 seconds.
  path: Assets/Asian Far East Environment/Textures/grid walll.tif
  artifactKey: Guid(dd3e9c36dd933f040a51baec67bbb662) Importer(815301076,1909f56bfc062723c751e8b465ee728b)
Number of updated assets reloaded before import = 0
Start importing Assets/Asian Far East Environment/Textures/grid walll.tif using Guid(dd3e9c36dd933f040a51baec67bbb662) Importer(815301076,1909f56bfc062723c751e8b465ee728b)  -> (artifact id: '1a3c626f183cf910c9a529b1d122aecf') in 0.147848 seconds 
Number of asset objects unloaded after import = 2
========================================================================
Received Import Request.
  Time since last request: 0.096697 seconds.
  path: Assets/Asian Far East Environment/Textures/Ground_brick_nmp.tif
  artifactKey: Guid(160ad9522b088aa4299c39ce8f80ba69) Importer(815301076,1909f56bfc062723c751e8b465ee728b)
Number of updated assets reloaded before import = 0
Start importing Assets/Asian Far East Environment/Textures/Ground_brick_nmp.tif using Guid(160ad9522b088aa4299c39ce8f80ba69) Importer(815301076,1909f56bfc062723c751e8b465ee728b)  -> (artifact id: 'd15ebdf36b77c12bfce7e872118eb88d') in 0.160392 seconds 
Number of asset objects unloaded after import = 2
========================================================================
Received Import Request.
  Time since last request: 0.000025 seconds.
  path: Assets/Asian Far East Environment/Nature/_Textures/Maple_branch4.tif
  artifactKey: Guid(f5b490dd3da1d754882d213fed7bdab6) Importer(815301076,1909f56bfc062723c751e8b465ee728b)
Number of updated assets reloaded before import = 0
Start importing Assets/Asian Far East Environment/Nature/_Textures/Maple_branch4.tif using Guid(f5b490dd3da1d754882d213fed7bdab6) Importer(815301076,1909f56bfc062723c751e8b465ee728b)  -> (artifact id: '10cb38e8c9382b2b62f77f590d4583ac') in 0.138166 seconds 
Number of asset objects unloaded after import = 2
========================================================================
Received Import Request.
  Time since last request: 0.000027 seconds.
  path: Assets/Asian Far East Environment/Nature/_Textures/Maple_branch3_trans.tif
  artifactKey: Guid(7207347ca7a1b724aadf36e4ab738180) Importer(815301076,1909f56bfc062723c751e8b465ee728b)
Number of updated assets reloaded before import = 0
Start importing Assets/Asian Far East Environment/Nature/_Textures/Maple_branch3_trans.tif using Guid(7207347ca7a1b724aadf36e4ab738180) Importer(815301076,1909f56bfc062723c751e8b465ee728b)  -> (artifact id: '079e6ea637251bbc3f240f870ca9783c') in 0.112370 seconds 
Number of asset objects unloaded after import = 2
========================================================================
Received Import Request.
  Time since last request: 0.000021 seconds.
  path: Assets/Asian Far East Environment/Textures/Lion.tif
  artifactKey: Guid(712ad014247199d4eb43e3aea482a299) Importer(815301076,1909f56bfc062723c751e8b465ee728b)
Number of updated assets reloaded before import = 0
Start importing Assets/Asian Far East Environment/Textures/Lion.tif using Guid(712ad014247199d4eb43e3aea482a299) Importer(815301076,1909f56bfc062723c751e8b465ee728b)  -> (artifact id: '89864a86cf48d00329c898c0a7a0114d') in 0.122966 seconds 
Number of asset objects unloaded after import = 2
========================================================================
Received Import Request.
  Time since last request: 0.000021 seconds.
  path: Assets/Asian Far East Environment/Nature/_Textures/Maple_branch.tif
  artifactKey: Guid(54e87d6530b63f1428da4989b51cc587) Importer(815301076,1909f56bfc062723c751e8b465ee728b)
Number of updated assets reloaded before import = 0
Start importing Assets/Asian Far East Environment/Nature/_Textures/Maple_branch.tif using Guid(54e87d6530b63f1428da4989b51cc587) Importer(815301076,1909f56bfc062723c751e8b465ee728b)  -> (artifact id: '1f7ac01e8d72e020813be89780639a07') in 0.106779 seconds 
Number of asset objects unloaded after import = 2
========================================================================
Received Import Request.
  Time since last request: 0.000194 seconds.
  path: Assets/Asian Far East Environment/Textures/metal_nmp.tif
  artifactKey: Guid(7a42ff01a916f2f4da414c3877bbddbe) Importer(815301076,1909f56bfc062723c751e8b465ee728b)
Number of updated assets reloaded before import = 0
Start importing Assets/Asian Far East Environment/Textures/metal_nmp.tif using Guid(7a42ff01a916f2f4da414c3877bbddbe) Importer(815301076,1909f56bfc062723c751e8b465ee728b)  -> (artifact id: '22a90011e35bbc15bafd61826857d820') in 0.207305 seconds 
Number of asset objects unloaded after import = 2
========================================================================
Received Import Request.
  Time since last request: 0.000021 seconds.
  path: Assets/Asian Far East Environment/Nature/_Textures/Maple_branch4_nmp.tif
  artifactKey: Guid(eed5939fd0e1bc94da8ea173c6ed4eee) Importer(815301076,1909f56bfc062723c751e8b465ee728b)
Number of updated assets reloaded before import = 0
Start importing Assets/Asian Far East Environment/Nature/_Textures/Maple_branch4_nmp.tif using Guid(eed5939fd0e1bc94da8ea173c6ed4eee) Importer(815301076,1909f56bfc062723c751e8b465ee728b)  -> (artifact id: '19b3f26c16042d3238686822933bd39a') in 0.195795 seconds 
Number of asset objects unloaded after import = 2
========================================================================
Received Import Request.
  Time since last request: 0.000027 seconds.
  path: Assets/Asian Far East Environment/Nature/_Textures/Maple_branch_nmp.tif
  artifactKey: Guid(aca29b56ae6415f40a51ad0ce6ac89dc) Importer(815301076,1909f56bfc062723c751e8b465ee728b)
Number of updated assets reloaded before import = 0
Start importing Assets/Asian Far East Environment/Nature/_Textures/Maple_branch_nmp.tif using Guid(aca29b56ae6415f40a51ad0ce6ac89dc) Importer(815301076,1909f56bfc062723c751e8b465ee728b)  -> (artifact id: '2fcf4f500d323d8eebface6814e87a1d') in 0.143976 seconds 
Number of asset objects unloaded after import = 2
========================================================================
Received Import Request.
  Time since last request: 0.000019 seconds.
  path: Assets/Asian Far East Environment/Textures/metal.tif
  artifactKey: Guid(a3af70ce07af7e0438f08bd3036db934) Importer(815301076,1909f56bfc062723c751e8b465ee728b)
Number of updated assets reloaded before import = 0
Start importing Assets/Asian Far East Environment/Textures/metal.tif using Guid(a3af70ce07af7e0438f08bd3036db934) Importer(815301076,1909f56bfc062723c751e8b465ee728b)  -> (artifact id: 'cfca5f31bf848ceb4dbc8f84b912b3b1') in 0.248079 seconds 
Number of asset objects unloaded after import = 2
========================================================================
Received Import Request.
  Time since last request: 0.000028 seconds.
  path: Assets/Asian Far East Environment/Nature/_Textures/Oak_branch.tif
  artifactKey: Guid(d971ec254a25fde45b0a35e3133a4266) Importer(815301076,1909f56bfc062723c751e8b465ee728b)
Number of updated assets reloaded before import = 0
Start importing Assets/Asian Far East Environment/Nature/_Textures/Oak_branch.tif using Guid(d971ec254a25fde45b0a35e3133a4266) Importer(815301076,1909f56bfc062723c751e8b465ee728b)  -> (artifact id: 'f84b7f03d79fbccd80703b46e63dccab') in 0.395594 seconds 
Number of asset objects unloaded after import = 2
========================================================================
Received Import Request.
  Time since last request: 0.000044 seconds.
  path: Assets/Asian Far East Environment/Nature/_Textures/Oak2_branch.tif
  artifactKey: Guid(314e5b5c8d2b48246869a5186859d6b8) Importer(815301076,1909f56bfc062723c751e8b465ee728b)
Number of updated assets reloaded before import = 0
Start importing Assets/Asian Far East Environment/Nature/_Textures/Oak2_branch.tif using Guid(314e5b5c8d2b48246869a5186859d6b8) Importer(815301076,1909f56bfc062723c751e8b465ee728b)  -> (artifact id: 'fb8a9a816db27d5a1870d3a61a36e65e') in 0.373675 seconds 
Number of asset objects unloaded after import = 2
========================================================================
Received Import Request.
  Time since last request: 0.000021 seconds.
  path: Assets/Asian Far East Environment/Nature/_Textures/Oak_branch_nmp.tif
  artifactKey: Guid(908c7d357bf96ab46888f78f3fc37cc7) Importer(815301076,1909f56bfc062723c751e8b465ee728b)
Number of updated assets reloaded before import = 0
Start importing Assets/Asian Far East Environment/Nature/_Textures/Oak_branch_nmp.tif using Guid(908c7d357bf96ab46888f78f3fc37cc7) Importer(815301076,1909f56bfc062723c751e8b465ee728b)  -> (artifact id: '758edf18ed024192f948ec096dd31964') in 0.147141 seconds 
Number of asset objects unloaded after import = 2
========================================================================
Received Import Request.
  Time since last request: 0.000027 seconds.
  path: Assets/Asian Far East Environment/Standard Assets/Image Effects (Pro Only)/_Sources/Textures/NoiseEffectGrain.png
  artifactKey: Guid(ffa9c02760c2b4e8eb9814ec06c4b05b) Importer(815301076,1909f56bfc062723c751e8b465ee728b)
Number of updated assets reloaded before import = 0
Start importing Assets/Asian Far East Environment/Standard Assets/Image Effects (Pro Only)/_Sources/Textures/NoiseEffectGrain.png using Guid(ffa9c02760c2b4e8eb9814ec06c4b05b) Importer(815301076,1909f56bfc062723c751e8b465ee728b)  -> (artifact id: '6a66f984c7dd298fcfb7227249bcbc6e') in 0.198655 seconds 
Number of asset objects unloaded after import = 2
========================================================================
Received Import Request.
  Time since last request: 0.000022 seconds.
  path: Assets/Asian Far East Environment/Nature/_Textures/Oak2_branch_gloss.tif
  artifactKey: Guid(77ed80920f73bc841b43bb1527cc2eed) Importer(815301076,1909f56bfc062723c751e8b465ee728b)
Number of updated assets reloaded before import = 0
Start importing Assets/Asian Far East Environment/Nature/_Textures/Oak2_branch_gloss.tif using Guid(77ed80920f73bc841b43bb1527cc2eed) Importer(815301076,1909f56bfc062723c751e8b465ee728b)  -> (artifact id: '2afbebe5979ffdea47cf71f4bda94752') in 0.153561 seconds 
Number of asset objects unloaded after import = 2
========================================================================
Received Import Request.
  Time since last request: 0.000028 seconds.
  path: Assets/Asian Far East Environment/Nature/_Textures/Oak2_branch_nmp.tif
  artifactKey: Guid(036cb457af1fe3a46a12cdb80e9ec9b4) Importer(815301076,1909f56bfc062723c751e8b465ee728b)
Number of updated assets reloaded before import = 0
Start importing Assets/Asian Far East Environment/Nature/_Textures/Oak2_branch_nmp.tif using Guid(036cb457af1fe3a46a12cdb80e9ec9b4) Importer(815301076,1909f56bfc062723c751e8b465ee728b)  -> (artifact id: '1c5126242bf51933bc67c8cf48a30aed') in 0.330772 seconds 
Number of asset objects unloaded after import = 2
========================================================================
Received Import Request.
  Time since last request: 0.000024 seconds.
  path: Assets/Asian Far East Environment/Nature/Tree4B_Textures/normal_specular.png
  artifactKey: Guid(a1807ef5bc3046845914849697b9b6c6) Importer(815301076,1909f56bfc062723c751e8b465ee728b)
Number of updated assets reloaded before import = 0
Start importing Assets/Asian Far East Environment/Nature/Tree4B_Textures/normal_specular.png using Guid(a1807ef5bc3046845914849697b9b6c6) Importer(815301076,1909f56bfc062723c751e8b465ee728b)  -> (artifact id: '32767d11c5c5caaf35fd381b10ecda24') in 0.278726 seconds 
Number of asset objects unloaded after import = 2
========================================================================
Received Import Request.
  Time since last request: 0.000032 seconds.
  path: Assets/Asian Far East Environment/Nature/_Textures/Maple_branch_trans.tif
  artifactKey: Guid(c4fe2921c50b7e443b34d82ecae77800) Importer(815301076,1909f56bfc062723c751e8b465ee728b)
Number of updated assets reloaded before import = 0
Start importing Assets/Asian Far East Environment/Nature/_Textures/Maple_branch_trans.tif using Guid(c4fe2921c50b7e443b34d82ecae77800) Importer(815301076,1909f56bfc062723c751e8b465ee728b)  -> (artifact id: '00a060a543672e2d5eb34b6224e2762b') in 0.150200 seconds 
Number of asset objects unloaded after import = 2
========================================================================
Received Import Request.
  Time since last request: 0.000022 seconds.
  path: Assets/Asian Far East Environment/Textures/Pag1_nmp.tif
  artifactKey: Guid(e5814caf622539849a6871bc164e0701) Importer(815301076,1909f56bfc062723c751e8b465ee728b)
Number of updated assets reloaded before import = 0
Start importing Assets/Asian Far East Environment/Textures/Pag1_nmp.tif using Guid(e5814caf622539849a6871bc164e0701) Importer(815301076,1909f56bfc062723c751e8b465ee728b)  -> (artifact id: 'cc267b9cca9e85a2f1e24531a37b9d87') in 0.173554 seconds 
Number of asset objects unloaded after import = 2
========================================================================
Received Import Request.
  Time since last request: 0.000024 seconds.
  path: Assets/Asian Far East Environment/Nature/Tree5_Textures/normal_specular.png
  artifactKey: Guid(d0cd0ce80fcad164285f1810afeea9f2) Importer(815301076,1909f56bfc062723c751e8b465ee728b)
Number of updated assets reloaded before import = 0
Start importing Assets/Asian Far East Environment/Nature/Tree5_Textures/normal_specular.png using Guid(d0cd0ce80fcad164285f1810afeea9f2) Importer(815301076,1909f56bfc062723c751e8b465ee728b)  -> (artifact id: '3998bfdfcf407b3c42f04f9e5a7a32a8') in 0.209784 seconds 
Number of asset objects unloaded after import = 2
========================================================================
Received Import Request.
  Time since last request: 0.000028 seconds.
  path: Assets/Asian Far East Environment/Nature/_Textures/Maple_branch3_nmp.tif
  artifactKey: Guid(e28cfca6d2afbf84eb9266c364d9b09f) Importer(815301076,1909f56bfc062723c751e8b465ee728b)
Number of updated assets reloaded before import = 0
Start importing Assets/Asian Far East Environment/Nature/_Textures/Maple_branch3_nmp.tif using Guid(e28cfca6d2afbf84eb9266c364d9b09f) Importer(815301076,1909f56bfc062723c751e8b465ee728b)  -> (artifact id: 'b9b213ad73d25be0af93f96733f96f7e') in 0.199490 seconds 
Number of asset objects unloaded after import = 2
========================================================================
Received Import Request.
  Time since last request: 0.000020 seconds.
  path: Assets/Asian Far East Environment/Textures/Lampion_nmp.tif
  artifactKey: Guid(a35ff85918a15dd47b445a0273d907be) Importer(815301076,1909f56bfc062723c751e8b465ee728b)
Number of updated assets reloaded before import = 0
Start importing Assets/Asian Far East Environment/Textures/Lampion_nmp.tif using Guid(a35ff85918a15dd47b445a0273d907be) Importer(815301076,1909f56bfc062723c751e8b465ee728b)  -> (artifact id: '94e7f668710e20158f0fe6f83d46b06f') in 0.162298 seconds 
Number of asset objects unloaded after import = 2
========================================================================
Received Import Request.
  Time since last request: 0.000021 seconds.
  path: Assets/Asian Far East Environment/Standard Assets/Water (Pro Only)/Sources/Textures/oceangradientcube.psd
  artifactKey: Guid(9cda328e4b6954d70841a8a66f42ec08) Importer(815301076,1909f56bfc062723c751e8b465ee728b)
Number of updated assets reloaded before import = 0
Start importing Assets/Asian Far East Environment/Standard Assets/Water (Pro Only)/Sources/Textures/oceangradientcube.psd using Guid(9cda328e4b6954d70841a8a66f42ec08) Importer(815301076,1909f56bfc062723c751e8b465ee728b)  -> (artifact id: '1bb72647eb74255ab902db7f7b7e3907') in 0.192180 seconds 
Number of asset objects unloaded after import = 1
========================================================================
Received Import Request.
  Time since last request: 0.000035 seconds.
  path: Assets/Asian Far East Environment/Nature/_Textures/Maple_branch_gloss.tif
  artifactKey: Guid(3205809b8b39fda4ca068b5a40ab6736) Importer(815301076,1909f56bfc062723c751e8b465ee728b)
Number of updated assets reloaded before import = 0
Start importing Assets/Asian Far East Environment/Nature/_Textures/Maple_branch_gloss.tif using Guid(3205809b8b39fda4ca068b5a40ab6736) Importer(815301076,1909f56bfc062723c751e8b465ee728b)  -> (artifact id: '60783876ff1763d4169c7b0d93d2d0dc') in 0.151295 seconds 
Number of asset objects unloaded after import = 2
========================================================================
Received Import Request.
  Time since last request: 0.000022 seconds.
  path: Assets/Asian Far East Environment/Textures/Lampion.tif
  artifactKey: Guid(89a617982936744488c6fe96bdb519c2) Importer(815301076,1909f56bfc062723c751e8b465ee728b)
Number of updated assets reloaded before import = 0
Start importing Assets/Asian Far East Environment/Textures/Lampion.tif using Guid(89a617982936744488c6fe96bdb519c2) Importer(815301076,1909f56bfc062723c751e8b465ee728b)  -> (artifact id: '67326c87b7818967271e9d30ee802c2d') in 0.159030 seconds 
Number of asset objects unloaded after import = 2
========================================================================
Received Import Request.
  Time since last request: 1.550086 seconds.
  path: Assets/Asian Far East Environment/Textures/planks.tif
  artifactKey: Guid(96d658d6145256842ab83d85ba6191b8) Importer(815301076,1909f56bfc062723c751e8b465ee728b)
Number of updated assets reloaded before import = 0
Start importing Assets/Asian Far East Environment/Textures/planks.tif using Guid(96d658d6145256842ab83d85ba6191b8) Importer(815301076,1909f56bfc062723c751e8b465ee728b)  -> (artifact id: 'eec84204372eeb578d69f2fb96fdee09') in 0.141672 seconds 
Number of asset objects unloaded after import = 2
========================================================================
Received Import Request.
  Time since last request: 0.000022 seconds.
  path: Assets/Asian Far East Environment/Textures/RockGroup2_nmp.tif
  artifactKey: Guid(669dfb0890888d148a1a91e1e7c71fc1) Importer(815301076,1909f56bfc062723c751e8b465ee728b)
Number of updated assets reloaded before import = 0
Start importing Assets/Asian Far East Environment/Textures/RockGroup2_nmp.tif using Guid(669dfb0890888d148a1a91e1e7c71fc1) Importer(815301076,1909f56bfc062723c751e8b465ee728b)  -> (artifact id: '8416e47085209b9d39d67c82c59ea114') in 0.099437 seconds 
Number of asset objects unloaded after import = 2
========================================================================
Received Import Request.
  Time since last request: 0.000031 seconds.
  path: Assets/Asian Far East Environment/Textures/RockGroup3_nmp.tif
  artifactKey: Guid(53e437841b93f244da3d397265426666) Importer(815301076,1909f56bfc062723c751e8b465ee728b)
Number of updated assets reloaded before import = 0
Start importing Assets/Asian Far East Environment/Textures/RockGroup3_nmp.tif using Guid(53e437841b93f244da3d397265426666) Importer(815301076,1909f56bfc062723c751e8b465ee728b)  -> (artifact id: '5d9d91f2443b4deb1105303014224003') in 0.108207 seconds 
Number of asset objects unloaded after import = 2
========================================================================
Received Import Request.
  Time since last request: 0.000022 seconds.
  path: Assets/Asian Far East Environment/Textures/PlasterBare.tif
  artifactKey: Guid(0362ffcbaad9fd44b966231cbd895d39) Importer(815301076,1909f56bfc062723c751e8b465ee728b)
Number of updated assets reloaded before import = 0
Start importing Assets/Asian Far East Environment/Textures/PlasterBare.tif using Guid(0362ffcbaad9fd44b966231cbd895d39) Importer(815301076,1909f56bfc062723c751e8b465ee728b)  -> (artifact id: 'f5fe7c30453068f6fe9e557aee64b7be') in 0.127542 seconds 
Number of asset objects unloaded after import = 2
========================================================================
Received Import Request.
  Time since last request: 0.000021 seconds.
  path: Assets/Asian Far East Environment/Textures/RockGroup_LOD_nmp.tif
  artifactKey: Guid(295e11ea12bdf88439b0ed463fb327e5) Importer(815301076,1909f56bfc062723c751e8b465ee728b)
Number of updated assets reloaded before import = 0
Start importing Assets/Asian Far East Environment/Textures/RockGroup_LOD_nmp.tif using Guid(295e11ea12bdf88439b0ed463fb327e5) Importer(815301076,1909f56bfc062723c751e8b465ee728b)  -> (artifact id: '65e917712b21c8b9b4fb785ebed44962') in 0.126285 seconds 
Number of asset objects unloaded after import = 2
========================================================================
Received Import Request.
  Time since last request: 0.000027 seconds.
  path: Assets/Asian Far East Environment/Textures/Roof1.tif
  artifactKey: Guid(7f25eed8e204fd2409bdfe2a35252ac7) Importer(815301076,1909f56bfc062723c751e8b465ee728b)
Number of updated assets reloaded before import = 0
Start importing Assets/Asian Far East Environment/Textures/Roof1.tif using Guid(7f25eed8e204fd2409bdfe2a35252ac7) Importer(815301076,1909f56bfc062723c751e8b465ee728b)  -> (artifact id: '1de536d40f70adc9b4778710bf8b2ead') in 0.125958 seconds 
Number of asset objects unloaded after import = 2
========================================================================
Received Import Request.
  Time since last request: 0.000021 seconds.
  path: Assets/Asian Far East Environment/Textures/RockGroup6.tif
  artifactKey: Guid(90435545a9227f748845323ef639d041) Importer(815301076,1909f56bfc062723c751e8b465ee728b)
Number of updated assets reloaded before import = 0
Start importing Assets/Asian Far East Environment/Textures/RockGroup6.tif using Guid(90435545a9227f748845323ef639d041) Importer(815301076,1909f56bfc062723c751e8b465ee728b)  -> (artifact id: '973f8204f5e4bc03a0333ed5b5651c6a') in 0.200296 seconds 
Number of asset objects unloaded after import = 2
========================================================================
Received Import Request.
  Time since last request: 0.000024 seconds.
  path: Assets/Asian Far East Environment/Standard Assets/Water (Pro Only)/Water4/Sources/Textures/smallWavesMap.png
  artifactKey: Guid(fb6566c21f717904f83743a5a76dd0b0) Importer(815301076,1909f56bfc062723c751e8b465ee728b)
Number of updated assets reloaded before import = 0
Start importing Assets/Asian Far East Environment/Standard Assets/Water (Pro Only)/Water4/Sources/Textures/smallWavesMap.png using Guid(fb6566c21f717904f83743a5a76dd0b0) Importer(815301076,1909f56bfc062723c751e8b465ee728b)  -> (artifact id: '3bc01d0118363ebc4d3774a23dca37ab') in 0.138257 seconds 
Number of asset objects unloaded after import = 2
========================================================================
Received Import Request.
  Time since last request: 0.000040 seconds.
  path: Assets/Asian Far East Environment/Textures/Stairs_nmp.tif
  artifactKey: Guid(9e6eb7c4160c7ca4d9790f7e963b7109) Importer(815301076,1909f56bfc062723c751e8b465ee728b)
Number of updated assets reloaded before import = 0
Start importing Assets/Asian Far East Environment/Textures/Stairs_nmp.tif using Guid(9e6eb7c4160c7ca4d9790f7e963b7109) Importer(815301076,1909f56bfc062723c751e8b465ee728b)  -> (artifact id: '1d43c5442f8045c9e9c4de60e9e12e54') in 0.135930 seconds 
Number of asset objects unloaded after import = 2
========================================================================
Received Import Request.
  Time since last request: 0.000021 seconds.
  path: Assets/Asian Far East Environment/Nature/Bush2_Textures/shadow.png
  artifactKey: Guid(9aee8b1809263d248913d2ae89ee85ca) Importer(815301076,1909f56bfc062723c751e8b465ee728b)
Number of updated assets reloaded before import = 0
Start importing Assets/Asian Far East Environment/Nature/Bush2_Textures/shadow.png using Guid(9aee8b1809263d248913d2ae89ee85ca) Importer(815301076,1909f56bfc062723c751e8b465ee728b)  -> (artifact id: '1c73c6415db6591288ad46d3edfc8074') in 0.124912 seconds 
Number of asset objects unloaded after import = 2
========================================================================
Received Import Request.
  Time since last request: 0.000024 seconds.
  path: Assets/Asian Far East Environment/Nature/_Textures/Tree_bark1_nmp.tif
  artifactKey: Guid(159f605d00e1bf74ea37c9cea86ced67) Importer(815301076,1909f56bfc062723c751e8b465ee728b)
Number of updated assets reloaded before import = 0
Start importing Assets/Asian Far East Environment/Nature/_Textures/Tree_bark1_nmp.tif using Guid(159f605d00e1bf74ea37c9cea86ced67) Importer(815301076,1909f56bfc062723c751e8b465ee728b)  -> (artifact id: '3181128fab49ed5f01e72048bad0eee5') in 0.156754 seconds 
Number of asset objects unloaded after import = 2
========================================================================
Received Import Request.
  Time since last request: 0.000028 seconds.
  path: Assets/Asian Far East Environment/Textures/wood end.tif
  artifactKey: Guid(cfbeb51bc4bc50647880f9231e3e63bd) Importer(815301076,1909f56bfc062723c751e8b465ee728b)
Number of updated assets reloaded before import = 0
Start importing Assets/Asian Far East Environment/Textures/wood end.tif using Guid(cfbeb51bc4bc50647880f9231e3e63bd) Importer(815301076,1909f56bfc062723c751e8b465ee728b)  -> (artifact id: '2b288401b963c849959cefd5038bc9f3') in 0.155344 seconds 
Number of asset objects unloaded after import = 2
========================================================================
Received Import Request.
  Time since last request: 0.000019 seconds.
  path: Assets/Asian Far East Environment/Nature/_Textures/Tree_bark1.tif
  artifactKey: Guid(a6cd8e6e8e737d44a8ec492082d2c8b5) Importer(815301076,1909f56bfc062723c751e8b465ee728b)
Number of updated assets reloaded before import = 0
Start importing Assets/Asian Far East Environment/Nature/_Textures/Tree_bark1.tif using Guid(a6cd8e6e8e737d44a8ec492082d2c8b5) Importer(815301076,1909f56bfc062723c751e8b465ee728b)  -> (artifact id: '763567a79fdae72f51322d038e2a8a65') in 0.148000 seconds 
Number of asset objects unloaded after import = 2
========================================================================
Received Import Request.
  Time since last request: 0.000021 seconds.
  path: Assets/Asian Far East Environment/Nature/Tree3_Textures/shadow.png
  artifactKey: Guid(6caf15b2dd3025a45aedcad44224d18b) Importer(815301076,1909f56bfc062723c751e8b465ee728b)
Number of updated assets reloaded before import = 0
Start importing Assets/Asian Far East Environment/Nature/Tree3_Textures/shadow.png using Guid(6caf15b2dd3025a45aedcad44224d18b) Importer(815301076,1909f56bfc062723c751e8b465ee728b)  -> (artifact id: '2b41b32cdf24a260abc8ad01942a955b') in 0.158299 seconds 
Number of asset objects unloaded after import = 2
========================================================================
Received Import Request.
  Time since last request: 0.000028 seconds.
  path: Assets/Asian Far East Environment/Standard Assets/Image Effects (Pro Only)/_Sources/Textures/VignetteMask.png
  artifactKey: Guid(95ef4804fe0be4c999ddaa383536cde8) Importer(815301076,1909f56bfc062723c751e8b465ee728b)
Number of updated assets reloaded before import = 0
Start importing Assets/Asian Far East Environment/Standard Assets/Image Effects (Pro Only)/_Sources/Textures/VignetteMask.png using Guid(95ef4804fe0be4c999ddaa383536cde8) Importer(815301076,1909f56bfc062723c751e8b465ee728b)  -> (artifact id: '4051fd5d71ec92cdb671b4c815fa9095') in 0.190018 seconds 
Number of asset objects unloaded after import = 2
========================================================================
Received Import Request.
  Time since last request: 0.000020 seconds.
  path: Assets/Asian Far East Environment/Textures/Rock_Small_nmp.tif
  artifactKey: Guid(47f5ec9406316c24783fcd0f5e5f313e) Importer(815301076,1909f56bfc062723c751e8b465ee728b)
Number of updated assets reloaded before import = 0
Start importing Assets/Asian Far East Environment/Textures/Rock_Small_nmp.tif using Guid(47f5ec9406316c24783fcd0f5e5f313e) Importer(815301076,1909f56bfc062723c751e8b465ee728b)  -> (artifact id: 'd83264fcf81dd0ef4a45430744a7a650') in 0.149730 seconds 
Number of asset objects unloaded after import = 2
========================================================================
Received Import Request.
  Time since last request: 0.000024 seconds.
  path: Assets/Asian Far East Environment/Textures/RockGroup5_nmp.tif
  artifactKey: Guid(56c4cad32ea466e4aa8341b91120fcd6) Importer(815301076,1909f56bfc062723c751e8b465ee728b)
Number of updated assets reloaded before import = 0
Start importing Assets/Asian Far East Environment/Textures/RockGroup5_nmp.tif using Guid(56c4cad32ea466e4aa8341b91120fcd6) Importer(815301076,1909f56bfc062723c751e8b465ee728b)  -> (artifact id: '55531f30f22abbd6a3b9f7f733dd6e31') in 0.162069 seconds 
Number of asset objects unloaded after import = 2
========================================================================
Received Import Request.
  Time since last request: 0.000028 seconds.
  path: Assets/Asian Far East Environment/Textures/wall asia_nmp.tif
  artifactKey: Guid(e88542effc792024e9980962c6b3f516) Importer(815301076,1909f56bfc062723c751e8b465ee728b)
Number of updated assets reloaded before import = 0
Start importing Assets/Asian Far East Environment/Textures/wall asia_nmp.tif using Guid(e88542effc792024e9980962c6b3f516) Importer(815301076,1909f56bfc062723c751e8b465ee728b)  -> (artifact id: '35b4b95bcd57114e6a98c7ccbd35180c') in 0.196059 seconds 
Number of asset objects unloaded after import = 2
========================================================================
Received Import Request.
  Time since last request: 0.000025 seconds.
  path: Assets/Asian Far East Environment/Textures/RockGroup5.tif
  artifactKey: Guid(535d7bf744b10b3489a0d64121f29425) Importer(815301076,1909f56bfc062723c751e8b465ee728b)
Number of updated assets reloaded before import = 0
Start importing Assets/Asian Far East Environment/Textures/RockGroup5.tif using Guid(535d7bf744b10b3489a0d64121f29425) Importer(815301076,1909f56bfc062723c751e8b465ee728b)  -> (artifact id: '6306a21de5bbf7937bddbdb94771ebb3') in 0.131679 seconds 
Number of asset objects unloaded after import = 2
========================================================================
Received Import Request.
  Time since last request: 0.000034 seconds.
  path: Assets/Asian Far East Environment/Standard Assets/Water (Pro Only)/Water4/Sources/Textures/SimpleFoam.png
  artifactKey: Guid(36dd0b22da8874ed38075789055ca664) Importer(815301076,1909f56bfc062723c751e8b465ee728b)
Number of updated assets reloaded before import = 0
Start importing Assets/Asian Far East Environment/Standard Assets/Water (Pro Only)/Water4/Sources/Textures/SimpleFoam.png using Guid(36dd0b22da8874ed38075789055ca664) Importer(815301076,1909f56bfc062723c751e8b465ee728b)  -> (artifact id: '27291b220cc85f318ef23f206723ef04') in 0.115716 seconds 
Number of asset objects unloaded after import = 2
========================================================================
Received Import Request.
  Time since last request: 0.000021 seconds.
  path: Assets/Asian Far East Environment/Textures/stone_nmp.tif
  artifactKey: Guid(31f71c5a3e67b6342982d7985ad6c492) Importer(815301076,1909f56bfc062723c751e8b465ee728b)
Number of updated assets reloaded before import = 0
Start importing Assets/Asian Far East Environment/Textures/stone_nmp.tif using Guid(31f71c5a3e67b6342982d7985ad6c492) Importer(815301076,1909f56bfc062723c751e8b465ee728b)  -> (artifact id: '6ce1e752bd60685f1c30bbe0de16dd09') in 0.097297 seconds 
Number of asset objects unloaded after import = 2
========================================================================
Received Import Request.
  Time since last request: 0.000024 seconds.
  path: Assets/Asian Far East Environment/Standard Assets/Water (Pro Only)/Sources/Textures/Waterbump.jpg
  artifactKey: Guid(2dd3788f8589b40bf82a92d76ffc5091) Importer(815301076,1909f56bfc062723c751e8b465ee728b)
Number of updated assets reloaded before import = 0
Start importing Assets/Asian Far East Environment/Standard Assets/Water (Pro Only)/Sources/Textures/Waterbump.jpg using Guid(2dd3788f8589b40bf82a92d76ffc5091) Importer(815301076,1909f56bfc062723c751e8b465ee728b)  -> (artifact id: 'af4e459e66f72ca9fe02556537ff62f0') in 0.108788 seconds 
Number of asset objects unloaded after import = 2
========================================================================
Received Import Request.
  Time since last request: 0.000029 seconds.
  path: Assets/Asian Far East Environment/Textures/roof1_nmp.tif
  artifactKey: Guid(beee6148b1cbec04e9bd4348421fdb00) Importer(815301076,1909f56bfc062723c751e8b465ee728b)
Number of updated assets reloaded before import = 0
Start importing Assets/Asian Far East Environment/Textures/roof1_nmp.tif using Guid(beee6148b1cbec04e9bd4348421fdb00) Importer(815301076,1909f56bfc062723c751e8b465ee728b)  -> (artifact id: 'c05cbefb5a3aa051ad50a5a51d325730') in 0.134774 seconds 
Number of asset objects unloaded after import = 2
========================================================================
Received Import Request.
  Time since last request: 0.000026 seconds.
  path: Assets/Asian Far East Environment/Nature/Tree5_Textures/translucency_gloss.png
  artifactKey: Guid(8fac63dd1b89e0d479d816f780fe95be) Importer(815301076,1909f56bfc062723c751e8b465ee728b)
Number of updated assets reloaded before import = 0
Start importing Assets/Asian Far East Environment/Nature/Tree5_Textures/translucency_gloss.png using Guid(8fac63dd1b89e0d479d816f780fe95be) Importer(815301076,1909f56bfc062723c751e8b465ee728b)  -> (artifact id: 'ab1b9517b9dc2ef0015d3f1eda700e35') in 0.159737 seconds 
Number of asset objects unloaded after import = 2
========================================================================
Received Import Request.
  Time since last request: 0.000022 seconds.
  path: Assets/Asian Far East Environment/Nature/Tree4B_Textures/translucency_gloss.png
  artifactKey: Guid(b55f30957b1390747ad48c9607cd352c) Importer(815301076,1909f56bfc062723c751e8b465ee728b)
Number of updated assets reloaded before import = 0
Start importing Assets/Asian Far East Environment/Nature/Tree4B_Textures/translucency_gloss.png using Guid(b55f30957b1390747ad48c9607cd352c) Importer(815301076,1909f56bfc062723c751e8b465ee728b)  -> (artifact id: 'b0903e273e44667224404690105b1183') in 0.163070 seconds 
Number of asset objects unloaded after import = 2
========================================================================
Received Import Request.
  Time since last request: 0.000029 seconds.
  path: Assets/Asian Far East Environment/Textures/wood_nmp.tif
  artifactKey: Guid(c22e5a3b83071254b99ebaf585cbeacf) Importer(815301076,1909f56bfc062723c751e8b465ee728b)
Number of updated assets reloaded before import = 0
Start importing Assets/Asian Far East Environment/Textures/wood_nmp.tif using Guid(c22e5a3b83071254b99ebaf585cbeacf) Importer(815301076,1909f56bfc062723c751e8b465ee728b)  -> (artifact id: 'f3a6bc1f361a25dd6c19a50cfe8b5b77') in 0.195030 seconds 
Number of asset objects unloaded after import = 2
========================================================================
Received Import Request.
  Time since last request: 0.000021 seconds.
  path: Assets/Asian Far East Environment/Textures/wicker_nmp.tif
  artifactKey: Guid(a1ffb1bb492d10746a4725be17b8011c) Importer(815301076,1909f56bfc062723c751e8b465ee728b)
Number of updated assets reloaded before import = 0
Start importing Assets/Asian Far East Environment/Textures/wicker_nmp.tif using Guid(a1ffb1bb492d10746a4725be17b8011c) Importer(815301076,1909f56bfc062723c751e8b465ee728b)  -> (artifact id: '5f3deff93d7e4bc42b916d90045d4efb') in 0.133261 seconds 
Number of asset objects unloaded after import = 2
========================================================================
Received Import Request.
  Time since last request: 0.000028 seconds.
  path: Assets/Asian Far East Environment/Textures/wood and metal.tif
  artifactKey: Guid(be017df6ff034794b92aa5cfaf6d7b02) Importer(815301076,1909f56bfc062723c751e8b465ee728b)
Number of updated assets reloaded before import = 0
Start importing Assets/Asian Far East Environment/Textures/wood and metal.tif using Guid(be017df6ff034794b92aa5cfaf6d7b02) Importer(815301076,1909f56bfc062723c751e8b465ee728b)  -> (artifact id: '1210ea64d1ec00543682d0f2d522b8ec') in 0.260086 seconds 
Number of asset objects unloaded after import = 2
========================================================================
Received Import Request.
  Time since last request: 0.000096 seconds.
  path: Assets/Asian Far East Environment/Nature/Tree3_Textures/translucency_gloss.png
  artifactKey: Guid(81fa016ed79673b4db02a57b0cb3e6e7) Importer(815301076,1909f56bfc062723c751e8b465ee728b)
Number of updated assets reloaded before import = 0
Start importing Assets/Asian Far East Environment/Nature/Tree3_Textures/translucency_gloss.png using Guid(81fa016ed79673b4db02a57b0cb3e6e7) Importer(815301076,1909f56bfc062723c751e8b465ee728b)  -> (artifact id: 'fa74d1670e311a9553783040aba85609') in 0.166583 seconds 
Number of asset objects unloaded after import = 2
========================================================================
Received Import Request.
  Time since last request: 0.000031 seconds.
  path: Assets/Asian Far East Environment/Textures/RockDetail1_nmp.tif
  artifactKey: Guid(2a2419ea6ccda4a43a649267421beba3) Importer(815301076,1909f56bfc062723c751e8b465ee728b)
Number of updated assets reloaded before import = 0
Start importing Assets/Asian Far East Environment/Textures/RockDetail1_nmp.tif using Guid(2a2419ea6ccda4a43a649267421beba3) Importer(815301076,1909f56bfc062723c751e8b465ee728b)  -> (artifact id: '0513aa0ce3212b75fd7c641e75cadc08') in 0.182219 seconds 
Number of asset objects unloaded after import = 2
Editor requested this worker to shutdown with reason: Scaling down because of idle timeout
AssetImportWorker is now disconnected from the server
Process exiting
Exiting without the bug reporter. Application will terminate with return code 0